 ************************************************************************
 **                                                                    **
 **                                                                    **
 **                     Altair OptiStruct(TM) 2025                     **
 **                                                                    **
 **             Advanced Engineering Analysis, Design and              **
 **        Optimization Software from Altair Engineering, Inc.         **
 **                                                                    **
 **   OptiStruct includes an enhanced proprietary version of NASTRAN   **
 **                                                                    **
 **                                                                    **
 **                Windows 10  (Build 9200)  ET251PC47                 **
 **                 16 CPU:  Intel(R) Xeon(R) w3-2435                  **
 **                   84397 MB RAM,  111360 MB swap                    **
 **                                                                    **
 ** Build: 1246461uwn33xxx_Ce64RB6s8UH14M-000  46004004000020004000    **
 ************************************************************************
 **  COPYRIGHT (C) 1996-2024                 Altair Engineering, Inc.  **
 ** All Rights Reserved.  Copyright notice does not imply publication. **
 **         Contains trade secrets of Altair Engineering, Inc.         **
 ** Decompilation or disassembly of this software strictly prohibited. **
 ************************************************************************
 
  
 *** OptiStruct defaults set from:
   install config file: C:/PROGRA~1/Altair/2025/hwsolvers/optistruct.cfg.
  
  
 NOTE # 9199
 MSGLMT=STRICT is active, all messages will be printed unless there is
 a subsequent MSGLMT definition to limit error or warning messages.
 You can also suppress some less important warning messages by use of
  MSGLMT=BRIEF or UNREF (in config file or in the input data).
  
 NOTE # 1929
 Created RAM scratch area: total size 200 MB.
  
 ***************************** INFORMATION ******************************
 * For OptiStruct useful guidelines and tips (Nonlinear analysis
 * convergence, the model validity check etc...), go to the URL:
 * https://help.altair.com/hwsolvers/os/topics/solvers/os/debugging.htm
 ************************************************************************
  
  
 

************************************************************************

OPTIMIZATION FILE AND PARAMETER INFORMATION :
---------------------------------------------

  FEM model file               : beam_2d.fem
  Output files prefix          : beam_2d
  Model read from files:
 (*1)	    beam_2d.fem

************************************************************************

 

************************************************************************

FINITE ELEMENT MODEL DATA INFORMATION :
---------------------------------------

  Total # of Grids (Structural)        :      1111
  Total # of Elements                  :      1000
  Total # of Degrees of Freedom        :      6600
  (Structural)
  Total # of Non-zero Stiffness Terms  :    169584

 
  Element Type Information
  ------------------------

   CQUAD4   Elements   :     1000     

  Load and Boundary Information
  -----------------------------

   LOAD and TEMP Sets:         1
   SPC   Sets        :         1

  Material and Property Information
  ---------------------------------

   PSHELL  Cards      :         1
   MAT1    Cards      :         1

************************************************************************

 

************************************************************************

OPTIMIZATION PROBLEM PARAMETERS :
---------------------------------

 NO DESIGN MATERIAL OR DESIGN VARIABLES FOUND  : ANALYSIS ONLY

   ------------------------
   Static Subcase Summary :
   ------------------------

   ----------   --------  -------  --------------------- 
   Subcase ID    SPC ID   LOAD ID  Preloading Subcase ID
   ----------   --------  -------  --------------------- 
        1            2          2
   ----------   --------  -------  --------------------- 

   Run Type                        :   Analysis Only (No design elements)
   Run at location                 : C:/Users/am6823/Documents/hm/data/4/
   Scratch file directory          : C:/Users/am6823/Documents/hm/data/4/
                                     Free space:   573.011 GB
   Number of CPU processors        :         16


************************************************************************

 

************************************************************************

MEMORY ESTIMATION INFORMATION :
-------------------------------

 Solver Type is:  Sparse-Matrix Solver
                  Direct Method
 
 Static Memory (RAM) Allocated in Preprocessor           :     800 MB
   In addition a ramdisk area was allocated in memory    :     200 MB
 MUMPS Solver will Run In-Core with Estimated Memory     :      15 MB
 Estimated Total Memory (RAM)                            :    1015 MB
 
 Estimated Memory (RAM) for Out-of-Core Solution         :      27 MB
 Estimated Memory (RAM) for In-Core Solution             :      31 MB
 (Note: The Minimum Memory Requirement is limited by Assembly Module.)       
 
DISK SPACE ESTIMATION INFORMATION :
-----------------------------------

 Estimated Disk Space for Output Data Files              :       7 MB
 Estimated Scratch Disk Space for In-Core Solution       :       3 MB
 Estimated Scratch Disk Space for Out-of-Core Solution   :       8 MB

************************************************************************


BEGINNING ANALYSIS SOLUTION ....


************************************************************************

ANALYSIS RESULTS :
------------------

  
ITERATION   0
  
 (Scratch disk space usage for starting iteration = 3 MB)

Subcase: 1
--------------------------------------------------------------------------
 Label     x-force    y-force    z-force   x-moment   y-moment   z-moment 
--------------------------------------------------------------------------
Sum-App.  0.000E+00 -2.100E+02  0.000E+00  0.000E+00  0.000E+00  0.000E+00
Sum-SPCF  2.013E-08  2.100E+02  0.000E+00  0.000E+00  0.000E+00  5.472E-05
--------------------------------------------------------------------------
Notes: 1. All applied and SPC forces are transferred to
          the origin of the basic coordinate system,
          so that the applied and SPC loads can match.
       2. If spring elements and/or MPCs exist in the model,
          total applied loads may not match total SPC loads.
       3. If axisymmetric elements are present in the model,
          the total x-force and y-force and all the total
          moments are set to zero, according to principles
          of axisymmetric analysis.
       4. If CGAP/CGAPG elements are used in large
          displacement analysis, total applied moments
          may not match total SPC moments.
       5. If periodic boundary conditions exist in the model,
          total applied loads may not match total SPC loads.
       6. If gasket elements with thickness-direction
          behaviour only exist in the model, total applied
          loads may not match total SPC loads.

(Running in-core solution)

Volume                              =  5.00000E+04   Mass     =  1.35000E-04

-----------------------------------
Subcase    Compliance       Epsilon
-----------------------------------
      1  6.342696E+02 -1.820016E-10
-----------------------------------

Note: Epsilon = Residual Strain Energy Ratio.


************************************************************************
  
 ANALYSIS COMPLETED.
  

************************************************************************

RESOURCE USAGE INFORMATION
--------------------------

 MAXIMUM MEMORY USED                                       816 MB
   INCLUDING MEMORY FOR MUMPS                               16 MB
   IN ADDITION      5 MB MEMORY WAS ALLOCATED FOR TEMPORARY USE
   IN ADDITION    200 MB RAMDISK AREA WAS ALLOCATED IN MEMORY
 MAXIMUM DISK SPACE USED                                    11 MB
   INCLUDING DISK SPACE FOR MUMPS                            0 MB

************************************************************************


************************************************************************

COMPUTE TIME INFORMATION
------------------------

 EXECUTION STARTED                         Thu Oct 16 21:15:42 2025    
 EXECUTION COMPLETED                       Thu Oct 16 21:15:44 2025    
 ELAPSED TIME                                         00:00:02
 CPU TIME                                             00:00:08

************************************************************************

  
                        ***** END OF REPORT *****
  
 For OptiStruct Community Forum, go to the URL:
 http://www.altair.com/optistruct-community
 For Altair Community Knowledge Base, go to the URL:
 http://www.altair.com/knowledge
